TN:
SF:contracts/nft/SeedPass.sol
DA:71,51
FN:71,SeedPass.initialize
FNDA:51,SeedPass.initialize
DA:81,50
DA:82,50
DA:83,49
DA:84,49
DA:85,49
DA:86,49
DA:87,49
DA:89,49
BRDA:89,0,0,-
BRDA:89,0,1,49
DA:92,49
DA:93,49
DA:94,49
DA:96,49
DA:97,49
DA:98,49
DA:100,49
DA:109,49
DA:113,35
FN:113,SeedPass.mint
FNDA:35,SeedPass.mint
DA:114,34
BRDA:114,1,0,1
BRDA:114,1,1,33
DA:115,33
BRDA:115,2,0,1
BRDA:115,2,1,32
DA:116,32
BRDA:116,3,0,1
BRDA:116,3,1,31
DA:117,31
BRDA:117,4,0,5
BRDA:117,4,1,26
DA:119,26
DA:120,26
DA:122,26
BRDA:122,5,0,1
BRDA:122,5,1,25
DA:123,25
BRDA:123,6,0,-
BRDA:123,6,1,25
DA:125,18
BRDA:125,7,0,18
BRDA:125,7,1,16
DA:126,18
BRDA:126,8,0,2
BRDA:126,8,1,16
DA:127,16
DA:129,7
DA:132,23
DA:133,23
DA:134,22
DA:137,7
FN:137,SeedPass.agentMint
FNDA:7,SeedPass.agentMint
DA:143,6
BRDA:143,9,0,-
BRDA:143,9,1,6
DA:145,6
DA:146,6
DA:147,7
DA:149,7
DA:153,6
BRDA:153,10,0,-
BRDA:153,10,1,6
DA:154,6
BRDA:154,11,0,1
BRDA:154,11,1,5
DA:156,5
DA:158,5
DA:159,6
BRDA:159,12,0,6
DA:160,6
DA:161,6
DA:164,6
DA:170,7
FN:170,SeedPass.setSaleConfig
FNDA:7,SeedPass.setSaleConfig
DA:171,4
DA:172,4
DA:173,4
DA:174,4
DA:177,1
FN:177,SeedPass.setWhitelistRoot
FNDA:1,SeedPass.setWhitelistRoot
DA:178,1
DA:179,1
DA:182,103
FN:182,SeedPass.grantAgentRole
FNDA:103,SeedPass.grantAgentRole
DA:183,100
BRDA:183,13,0,-
BRDA:183,13,1,100
DA:184,100
DA:185,100
DA:188,2
FN:188,SeedPass.revokeAgentRole
FNDA:2,SeedPass.revokeAgentRole
DA:189,2
DA:190,2
DA:193,6
FN:193,SeedPass.setTreasuryReceiver
FNDA:6,SeedPass.setTreasuryReceiver
DA:194,3
BRDA:194,14,0,-
BRDA:194,14,1,3
DA:195,3
DA:196,3
DA:197,3
DA:200,4
FN:200,SeedPass.setRoyaltyInfo
FNDA:4,SeedPass.setRoyaltyInfo
DA:201,2
BRDA:201,15,0,-
BRDA:201,15,1,2
DA:202,2
DA:205,8
FN:205,SeedPass.setBaseURI
FNDA:8,SeedPass.setBaseURI
DA:206,7
BRDA:206,16,0,2
BRDA:206,16,1,5
DA:207,5
DA:208,5
DA:211,2
FN:211,SeedPass.freezeMetadata
FNDA:2,SeedPass.freezeMetadata
DA:212,2
DA:213,2
DA:216,7
FN:216,SeedPass.withdrawTreasury
FNDA:7,SeedPass.withdrawTreasury
DA:217,4
BRDA:217,17,0,1
BRDA:217,17,1,3
DA:218,1
DA:219,1
BRDA:219,18,0,1
DA:220,1
DA:221,1
BRDA:221,19,0,-
BRDA:221,19,1,1
DA:222,1
DA:225,3
DA:226,3
DA:227,3
BRDA:227,20,0,2
DA:228,2
DA:229,2
DA:234,5
FN:234,SeedPass.pause
FNDA:5,SeedPass.pause
DA:235,2
DA:238,2
FN:238,SeedPass.unpause
FNDA:2,SeedPass.unpause
DA:239,2
DA:242,144
FN:242,SeedPass._startTokenId
FNDA:144,SeedPass._startTokenId
DA:243,144
DA:247,2
FN:247,SeedPass.supportsInterface
FNDA:2,SeedPass.supportsInterface
DA:254,2
DA:257,4
FN:257,SeedPass.getCurrentPhase
FNDA:4,SeedPass.getCurrentPhase
DA:258,4
DA:259,3
DA:260,2
DA:261,1
DA:264,2
FN:264,SeedPass.getRemainingPublicSupply
FNDA:2,SeedPass.getRemainingPublicSupply
DA:265,2
DA:268,2
FN:268,SeedPass.getRemainingReservedSupply
FNDA:2,SeedPass.getRemainingReservedSupply
DA:269,2
DA:272,11
FN:272,SeedPass.numberMinted
FNDA:11,SeedPass.numberMinted
DA:273,11
DA:276,4
FN:276,SeedPass._baseURI
FNDA:4,SeedPass._baseURI
DA:277,4
DA:280,2
FN:280,SeedPass._authorizeUpgrade
FNDA:2,SeedPass._authorizeUpgrade
DA:281,1
BRDA:281,24,0,-
BRDA:281,24,1,1
DA:284,18
FN:284,SeedPass._verifyWL
FNDA:18,SeedPass._verifyWL
DA:285,18
DA:286,18
DA:287,18
FNF:23
FNH:23
LF:116
LH:116
BRF:41
BRH:32
end_of_record
TN:
SF:contracts/nft/TreePass.sol
DA:74,0
FN:74,SeedPass.initialize
FNDA:0,SeedPass.initialize
DA:84,0
DA:85,0
DA:86,0
DA:87,0
DA:88,0
DA:89,0
DA:90,0
DA:92,0
BRDA:92,0,0,-
BRDA:92,0,1,-
DA:95,0
DA:96,0
DA:97,0
DA:99,0
DA:100,0
DA:101,0
DA:103,0
DA:112,0
DA:116,0
FN:116,SeedPass.mint
FNDA:0,SeedPass.mint
DA:117,0
BRDA:117,1,0,-
BRDA:117,1,1,-
DA:118,0
BRDA:118,2,0,-
BRDA:118,2,1,-
DA:119,0
BRDA:119,3,0,-
BRDA:119,3,1,-
DA:120,0
BRDA:120,4,0,-
BRDA:120,4,1,-
DA:122,0
DA:123,0
DA:125,0
DA:127,0
BRDA:127,5,0,-
BRDA:127,5,1,-
DA:128,0
BRDA:128,6,0,-
BRDA:128,6,1,-
DA:129,0
BRDA:129,7,0,-
BRDA:129,7,1,-
DA:131,0
DA:132,0
DA:133,0
DA:134,0
DA:136,0
DA:137,0
BRDA:137,8,0,-
BRDA:137,8,1,-
DA:138,0
BRDA:138,9,0,-
BRDA:138,9,1,-
DA:140,0
DA:141,0
DA:142,0
DA:143,0
DA:145,0
DA:147,0
DA:151,0
FN:151,SeedPass.agentMint
FNDA:0,SeedPass.agentMint
DA:157,0
BRDA:157,10,0,-
BRDA:157,10,1,-
DA:159,0
DA:160,0
DA:162,0
DA:163,0
DA:164,0
DA:166,0
DA:170,0
BRDA:170,11,0,-
BRDA:170,11,1,-
DA:171,0
BRDA:171,12,0,-
BRDA:171,12,1,-
DA:173,0
DA:176,0
BRDA:176,13,0,-
DA:177,0
DA:180,0
DA:181,0
BRDA:181,14,0,-
DA:182,0
DA:183,0
DA:186,0
DA:192,0
FN:192,SeedPass.setSaleConfig
FNDA:0,SeedPass.setSaleConfig
DA:193,0
DA:194,0
DA:195,0
DA:196,0
DA:199,0
FN:199,SeedPass.setWhitelistRoot
FNDA:0,SeedPass.setWhitelistRoot
DA:200,0
DA:201,0
DA:204,0
FN:204,SeedPass.grantAgentRole
FNDA:0,SeedPass.grantAgentRole
DA:205,0
BRDA:205,15,0,-
BRDA:205,15,1,-
DA:206,0
DA:207,0
DA:210,0
FN:210,SeedPass.revokeAgentRole
FNDA:0,SeedPass.revokeAgentRole
DA:211,0
DA:212,0
DA:215,0
FN:215,SeedPass.setTreasuryReceiver
FNDA:0,SeedPass.setTreasuryReceiver
DA:216,0
BRDA:216,16,0,-
BRDA:216,16,1,-
DA:217,0
DA:218,0
DA:219,0
DA:222,0
FN:222,SeedPass.setRoyaltyInfo
FNDA:0,SeedPass.setRoyaltyInfo
DA:223,0
BRDA:223,17,0,-
BRDA:223,17,1,-
DA:224,0
DA:227,0
FN:227,SeedPass.setBaseURI
FNDA:0,SeedPass.setBaseURI
DA:228,0
BRDA:228,18,0,-
BRDA:228,18,1,-
DA:229,0
DA:230,0
DA:233,0
FN:233,SeedPass.freezeMetadata
FNDA:0,SeedPass.freezeMetadata
DA:234,0
DA:235,0
DA:238,0
FN:238,SeedPass.withdrawTreasury
FNDA:0,SeedPass.withdrawTreasury
DA:239,0
BRDA:239,19,0,-
BRDA:239,19,1,-
DA:240,0
DA:241,0
BRDA:241,20,0,-
DA:242,0
DA:243,0
BRDA:243,21,0,-
BRDA:243,21,1,-
DA:244,0
DA:247,0
DA:248,0
DA:249,0
BRDA:249,22,0,-
DA:250,0
DA:251,0
DA:256,0
FN:256,SeedPass.pause
FNDA:0,SeedPass.pause
DA:257,0
DA:260,0
FN:260,SeedPass.unpause
FNDA:0,SeedPass.unpause
DA:261,0
DA:264,0
FN:264,SeedPass._startTokenId
FNDA:0,SeedPass._startTokenId
DA:265,0
DA:269,0
FN:269,SeedPass.supportsInterface
FNDA:0,SeedPass.supportsInterface
DA:276,0
DA:279,0
FN:279,SeedPass.getCurrentPhase
FNDA:0,SeedPass.getCurrentPhase
DA:280,0
DA:281,0
DA:282,0
DA:283,0
DA:286,0
FN:286,SeedPass.getRemainingPublicSupply
FNDA:0,SeedPass.getRemainingPublicSupply
DA:287,0
DA:290,0
FN:290,SeedPass.getRemainingReservedSupply
FNDA:0,SeedPass.getRemainingReservedSupply
DA:291,0
DA:294,0
FN:294,SeedPass.numberMinted
FNDA:0,SeedPass.numberMinted
DA:295,0
DA:298,0
FN:298,SeedPass._baseURI
FNDA:0,SeedPass._baseURI
DA:299,0
DA:302,0
FN:302,SeedPass._authorizeUpgrade
FNDA:0,SeedPass._authorizeUpgrade
DA:303,0
BRDA:303,26,0,-
BRDA:303,26,1,-
DA:306,0
FN:306,SeedPass._verifyWL
FNDA:0,SeedPass._verifyWL
DA:307,0
DA:308,0
DA:309,0
FNF:23
FNH:0
LF:128
LH:0
BRF:44
BRH:0
end_of_record
TN:
SF:test/SeedPass.t.sol
DA:16,49
FN:16,MockUSDT.constructor
FNDA:49,MockUSDT.constructor
DA:17,49
DA:20,0
FN:20,MockUSDT.decimals
FNDA:0,MockUSDT.decimals
DA:21,0
DA:24,196
FN:24,MockUSDT.mint
FNDA:196,MockUSDT.mint
DA:25,196
FNF:3
FNH:2
LF:6
LH:4
BRF:0
BRH:0
end_of_record
