TN:
SF:contracts/nft/SeedPass.sol
DA:71,51
FN:71,SeedPass.initialize
FNDA:51,SeedPass.initialize
DA:81,50
DA:82,50
DA:83,49
DA:84,49
DA:85,49
DA:86,49
DA:87,49
DA:89,49
BRDA:89,0,0,-
BRDA:89,0,1,49
DA:92,49
DA:93,49
DA:94,49
DA:96,49
DA:97,49
DA:98,49
DA:100,49
DA:109,49
DA:113,35
FN:113,SeedPass.mint
FNDA:35,SeedPass.mint
DA:114,34
BRDA:114,1,0,1
BRDA:114,1,1,33
DA:115,33
BRDA:115,2,0,1
BRDA:115,2,1,32
DA:116,32
BRDA:116,3,0,1
BRDA:116,3,1,31
DA:117,31
BRDA:117,4,0,5
BRDA:117,4,1,26
DA:119,26
DA:120,26
DA:122,26
BRDA:122,5,0,1
BRDA:122,5,1,25
DA:123,25
BRDA:123,6,0,-
BRDA:123,6,1,25
DA:125,18
BRDA:125,7,0,18
BRDA:125,7,1,16
DA:126,18
BRDA:126,8,0,2
BRDA:126,8,1,16
DA:127,16
DA:129,7
DA:132,23
DA:133,23
DA:134,22
DA:137,7
FN:137,SeedPass.agentMint
FNDA:7,SeedPass.agentMint
DA:143,6
BRDA:143,9,0,-
BRDA:143,9,1,6
DA:145,6
DA:146,6
DA:147,7
DA:149,7
DA:153,6
BRDA:153,10,0,-
BRDA:153,10,1,6
DA:154,6
BRDA:154,11,0,1
BRDA:154,11,1,5
DA:156,5
DA:158,5
DA:159,6
BRDA:159,12,0,6
DA:160,6
DA:161,6
DA:164,6
DA:170,7
FN:170,SeedPass.setSaleConfig
FNDA:7,SeedPass.setSaleConfig
DA:171,4
DA:172,4
DA:173,4
DA:174,4
DA:177,1
FN:177,SeedPass.setWhitelistRoot
FNDA:1,SeedPass.setWhitelistRoot
DA:178,1
DA:179,1
DA:182,103
FN:182,SeedPass.grantAgentRole
FNDA:103,SeedPass.grantAgentRole
DA:183,100
BRDA:183,13,0,-
BRDA:183,13,1,100
DA:184,100
DA:185,100
DA:188,2
FN:188,SeedPass.revokeAgentRole
FNDA:2,SeedPass.revokeAgentRole
DA:189,2
DA:190,2
DA:193,6
FN:193,SeedPass.setTreasuryReceiver
FNDA:6,SeedPass.setTreasuryReceiver
DA:194,3
BRDA:194,14,0,-
BRDA:194,14,1,3
DA:195,3
DA:196,3
DA:197,3
DA:200,4
FN:200,SeedPass.setRoyaltyInfo
FNDA:4,SeedPass.setRoyaltyInfo
DA:201,2
BRDA:201,15,0,-
BRDA:201,15,1,2
DA:202,2
DA:205,8
FN:205,SeedPass.setBaseURI
FNDA:8,SeedPass.setBaseURI
DA:206,7
BRDA:206,16,0,2
BRDA:206,16,1,5
DA:207,5
DA:208,5
DA:211,2
FN:211,SeedPass.freezeMetadata
FNDA:2,SeedPass.freezeMetadata
DA:212,2
DA:213,2
DA:216,7
FN:216,SeedPass.withdrawTreasury
FNDA:7,SeedPass.withdrawTreasury
DA:217,4
BRDA:217,17,0,1
BRDA:217,17,1,3
DA:218,1
DA:219,1
BRDA:219,18,0,1
DA:220,1
DA:221,1
BRDA:221,19,0,-
BRDA:221,19,1,1
DA:222,1
DA:225,3
DA:226,3
DA:227,3
BRDA:227,20,0,2
DA:228,2
DA:229,2
DA:234,5
FN:234,SeedPass.pause
FNDA:5,SeedPass.pause
DA:235,2
DA:238,2
FN:238,SeedPass.unpause
FNDA:2,SeedPass.unpause
DA:239,2
DA:242,144
FN:242,SeedPass._startTokenId
FNDA:144,SeedPass._startTokenId
DA:243,144
DA:247,2
FN:247,SeedPass.supportsInterface
FNDA:2,SeedPass.supportsInterface
DA:254,2
DA:257,4
FN:257,SeedPass.getCurrentPhase
FNDA:4,SeedPass.getCurrentPhase
DA:258,4
DA:259,3
DA:260,2
DA:261,1
DA:264,2
FN:264,SeedPass.getRemainingPublicSupply
FNDA:2,SeedPass.getRemainingPublicSupply
DA:265,2
DA:268,2
FN:268,SeedPass.getRemainingReservedSupply
FNDA:2,SeedPass.getRemainingReservedSupply
DA:269,2
DA:272,11
FN:272,SeedPass.numberMinted
FNDA:11,SeedPass.numberMinted
DA:273,11
DA:276,4
FN:276,SeedPass._baseURI
FNDA:4,SeedPass._baseURI
DA:277,4
DA:280,2
FN:280,SeedPass._authorizeUpgrade
FNDA:2,SeedPass._authorizeUpgrade
DA:281,1
BRDA:281,24,0,-
BRDA:281,24,1,1
DA:284,18
FN:284,SeedPass._verifyWL
FNDA:18,SeedPass._verifyWL
DA:285,18
DA:286,18
DA:287,18
FNF:23
FNH:23
LF:116
LH:116
BRF:41
BRH:32
end_of_record
TN:
SF:contracts/nft/TreePass.sol
DA:73,59
FN:73,TreePass.initialize
FNDA:59,TreePass.initialize
DA:83,58
DA:84,58
DA:85,57
DA:86,57
DA:87,57
DA:88,57
DA:89,57
DA:91,57
BRDA:91,0,0,-
BRDA:91,0,1,57
DA:94,57
DA:95,57
DA:96,57
DA:98,57
DA:99,57
DA:100,57
DA:102,57
DA:111,57
DA:115,35
FN:115,TreePass.mint
FNDA:35,TreePass.mint
DA:116,33
BRDA:116,1,0,1
BRDA:116,1,1,32
DA:117,32
BRDA:117,2,0,1
BRDA:117,2,1,31
DA:118,31
BRDA:118,3,0,1
BRDA:118,3,1,30
DA:119,30
BRDA:119,4,0,4
BRDA:119,4,1,26
DA:121,26
DA:122,26
DA:124,26
BRDA:124,5,0,-
BRDA:124,5,1,26
DA:126,26
DA:128,18
BRDA:128,6,0,18
BRDA:128,6,1,1
DA:129,18
BRDA:129,7,0,2
BRDA:129,7,1,16
DA:131,16
DA:132,16
DA:133,16
DA:134,15
DA:136,15
DA:137,7
BRDA:137,8,0,7
BRDA:137,8,1,1
DA:139,7
DA:140,7
DA:141,7
DA:142,7
DA:144,7
DA:146,1
DA:150,8
FN:150,TreePass.agentMint
FNDA:8,TreePass.agentMint
DA:156,7
BRDA:156,9,0,1
BRDA:156,9,1,6
DA:158,6
DA:159,6
DA:161,6
DA:162,7
DA:163,7
DA:165,7
DA:169,6
BRDA:169,10,0,1
BRDA:169,10,1,5
DA:170,5
BRDA:170,11,0,1
BRDA:170,11,1,4
DA:172,4
DA:175,4
BRDA:175,12,0,4
DA:176,4
DA:179,4
DA:180,5
BRDA:180,13,0,5
DA:181,5
DA:182,5
DA:185,5
DA:191,7
FN:191,TreePass.setSaleConfig
FNDA:7,TreePass.setSaleConfig
DA:192,4
DA:193,4
DA:194,4
DA:195,4
DA:198,1
FN:198,TreePass.setWhitelistRoot
FNDA:1,TreePass.setWhitelistRoot
DA:199,1
DA:200,1
DA:203,120
FN:203,TreePass.grantAgentRole
FNDA:120,TreePass.grantAgentRole
DA:204,117
BRDA:204,14,0,1
BRDA:204,14,1,116
DA:205,116
DA:206,116
DA:209,2
FN:209,TreePass.revokeAgentRole
FNDA:2,TreePass.revokeAgentRole
DA:210,2
DA:211,2
DA:214,5
FN:214,TreePass.setTreasuryReceiver
FNDA:5,TreePass.setTreasuryReceiver
DA:215,2
BRDA:215,15,0,-
BRDA:215,15,1,2
DA:216,2
DA:217,2
DA:218,2
DA:221,4
FN:221,TreePass.setRoyaltyInfo
FNDA:4,TreePass.setRoyaltyInfo
DA:222,2
BRDA:222,16,0,-
BRDA:222,16,1,2
DA:223,2
DA:226,8
FN:226,TreePass.setBaseURI
FNDA:8,TreePass.setBaseURI
DA:227,7
BRDA:227,17,0,2
BRDA:227,17,1,5
DA:228,5
DA:229,5
DA:232,2
FN:232,TreePass.freezeMetadata
FNDA:2,TreePass.freezeMetadata
DA:233,2
DA:234,2
DA:237,7
FN:237,TreePass.withdrawTreasury
FNDA:7,TreePass.withdrawTreasury
DA:238,4
BRDA:238,18,0,1
BRDA:238,18,1,3
DA:239,1
DA:240,1
BRDA:240,19,0,1
DA:241,1
DA:242,1
BRDA:242,20,0,-
BRDA:242,20,1,1
DA:243,1
DA:246,3
DA:247,3
DA:248,3
BRDA:248,21,0,2
DA:249,2
DA:250,2
DA:255,6
FN:255,TreePass.pause
FNDA:6,TreePass.pause
DA:256,3
DA:259,2
FN:259,TreePass.unpause
FNDA:2,TreePass.unpause
DA:260,2
DA:263,157
FN:263,TreePass._startTokenId
FNDA:157,TreePass._startTokenId
DA:264,157
DA:268,2
FN:268,TreePass.supportsInterface
FNDA:2,TreePass.supportsInterface
DA:275,2
DA:278,4
FN:278,TreePass.getCurrentPhase
FNDA:4,TreePass.getCurrentPhase
DA:279,4
DA:280,3
DA:281,2
DA:282,1
DA:285,2
FN:285,TreePass.getRemainingPublicSupply
FNDA:2,TreePass.getRemainingPublicSupply
DA:286,2
DA:289,2
FN:289,TreePass.getRemainingReservedSupply
FNDA:2,TreePass.getRemainingReservedSupply
DA:290,2
DA:293,11
FN:293,TreePass.numberMinted
FNDA:11,TreePass.numberMinted
DA:294,11
DA:297,3
FN:297,TreePass._baseURI
FNDA:3,TreePass._baseURI
DA:298,3
DA:301,2
FN:301,TreePass._authorizeUpgrade
FNDA:2,TreePass._authorizeUpgrade
DA:302,1
BRDA:302,25,0,-
BRDA:302,25,1,1
DA:305,18
FN:305,TreePass._verifyWL
FNDA:18,TreePass._verifyWL
DA:306,18
DA:307,18
DA:308,18
FNF:23
FNH:23
LF:127
LH:127
BRF:42
BRH:36
end_of_record
TN:
SF:test/SeedPass.t.sol
DA:16,49
FN:16,MockUSDT.constructor
FNDA:49,MockUSDT.constructor
DA:17,49
DA:20,0
FN:20,MockUSDT.decimals
FNDA:0,MockUSDT.decimals
DA:21,0
DA:24,196
FN:24,MockUSDT.mint
FNDA:196,MockUSDT.mint
DA:25,196
FNF:3
FNH:2
LF:6
LH:4
BRF:0
BRH:0
end_of_record
TN:
SF:test/TreePass.t.sol
DA:16,57
FN:16,MockUSDT.constructor
FNDA:57,MockUSDT.constructor
DA:17,57
DA:20,0
FN:20,MockUSDT.decimals
FNDA:0,MockUSDT.decimals
DA:21,0
DA:24,342
FN:24,MockUSDT.mint
FNDA:342,MockUSDT.mint
DA:25,342
FNF:3
FNH:2
LF:6
LH:4
BRF:0
BRH:0
end_of_record
